2019-05-20 14:22:12.181  INFO 13784 --- [restartedMain] com.lccx.manager.ManagerApplication      : Starting ManagerApplication on DESKTOP-L0NR3LM with PID 13784 (D:\IDEAworkspace\root\trunk\manager\target\classes started by softfree in D:\IDEAworkspace\root\trunk)
2019-05-20 14:22:12.210  INFO 13784 --- [restartedMain] com.lccx.manager.ManagerApplication      : The following profiles are active: test
2019-05-20 14:22:12.491  INFO 13784 --- [restartedMain] .e.DevToolsPropertyDefaultsPostProcessor : Devtools property defaults active! Set 'spring.devtools.add-properties' to 'false' to disable
2019-05-20 14:22:12.491  INFO 13784 --- [restartedMain] .e.DevToolsPropertyDefaultsPostProcessor : For additional web related logging consider setting the 'logging.level.web' property to 'DEBUG'
2019-05-20 14:22:16.135  INFO 13784 --- [restartedMain] .s.d.r.c.RepositoryConfigurationDelegate : Multiple Spring Data modules found, entering strict repository configuration mode!
2019-05-20 14:22:16.140  INFO 13784 --- [restartedMain] .s.d.r.c.RepositoryConfigurationDelegate : Bootstrapping Spring Data repositories in DEFAULT mode.
2019-05-20 14:22:16.216  INFO 13784 --- [restartedMain] .s.d.r.c.RepositoryConfigurationDelegate : Finished Spring Data repository scanning in 36ms. Found 0 repository interfaces.
2019-05-20 14:22:17.127  INFO 13784 --- [restartedMain] trationDelegate$BeanPostProcessorChecker : Bean 'org.springframework.transaction.annotation.ProxyTransactionManagementConfiguration' of type [org.springframework.transaction.annotation.ProxyTransactionManagementConfiguration$$EnhancerBySpringCGLIB$$743c96e8] is not eligible for getting processed by all BeanPostProcessors (for example: not eligible for auto-proxying)
2019-05-20 14:22:17.392  INFO 13784 --- [restartedMain] trationDelegate$BeanPostProcessorChecker : Bean 'druidConfig' of type [com.lccx.manager.frame.DruidConfig$$EnhancerBySpringCGLIB$$4b66e97a] is not eligible for getting processed by all BeanPostProcessors (for example: not eligible for auto-proxying)
2019-05-20 14:22:17.749  INFO 13784 --- [restartedMain] trationDelegate$BeanPostProcessorChecker : Bean 'druid' of type [com.alibaba.druid.pool.DruidDataSource] is not eligible for getting processed by all BeanPostProcessors (for example: not eligible for auto-proxying)
2019-05-20 14:22:17.764  INFO 13784 --- [restartedMain] trationDelegate$BeanPostProcessorChecker : Bean 'spring.datasource-org.springframework.boot.autoconfigure.jdbc.DataSourceProperties' of type [org.springframework.boot.autoconfigure.jdbc.DataSourceProperties] is not eligible for getting processed by all BeanPostProcessors (for example: not eligible for auto-proxying)
2019-05-20 14:22:17.768  INFO 13784 --- [restartedMain] trationDelegate$BeanPostProcessorChecker : Bean 'org.springframework.boot.autoconfigure.jdbc.DataSourceInitializerInvoker' of type [org.springframework.boot.autoconfigure.jdbc.DataSourceInitializerInvoker] is not eligible for getting processed by all BeanPostProcessors (for example: not eligible for auto-proxying)
2019-05-20 14:22:17.771  INFO 13784 --- [restartedMain] trationDelegate$BeanPostProcessorChecker : Bean 'org.springframework.boot.autoconfigure.transaction.TransactionAutoConfiguration' of type [org.springframework.boot.autoconfigure.transaction.TransactionAutoConfiguration$$EnhancerBySpringCGLIB$$8b091f2] is not eligible for getting processed by all BeanPostProcessors (for example: not eligible for auto-proxying)
2019-05-20 14:22:17.776  INFO 13784 --- [restartedMain] trationDelegate$BeanPostProcessorChecker : Bean 'spring.transaction-org.springframework.boot.autoconfigure.transaction.TransactionProperties' of type [org.springframework.boot.autoconfigure.transaction.TransactionProperties] is not eligible for getting processed by all BeanPostProcessors (for example: not eligible for auto-proxying)
2019-05-20 14:22:17.777  INFO 13784 --- [restartedMain] trationDelegate$BeanPostProcessorChecker : Bean 'platformTransactionManagerCustomizers' of type [org.springframework.boot.autoconfigure.transaction.TransactionManagerCustomizers] is not eligible for getting processed by all BeanPostProcessors (for example: not eligible for auto-proxying)
2019-05-20 14:22:17.778  INFO 13784 --- [restartedMain] trationDelegate$BeanPostProcessorChecker : Bean 'org.springframework.boot.autoconfigure.jdbc.DataSourceTransactionManagerAutoConfiguration$DataSourceTransactionManagerConfiguration' of type [org.springframework.boot.autoconfigure.jdbc.DataSourceTransactionManagerAutoConfiguration$DataSourceTransactionManagerConfiguration$$EnhancerBySpringCGLIB$$213d2f57] is not eligible for getting processed by all BeanPostProcessors (for example: not eligible for auto-proxying)
2019-05-20 14:22:17.801  INFO 13784 --- [restartedMain] trationDelegate$BeanPostProcessorChecker : Bean 'transactionManager' of type [org.springframework.jdbc.datasource.DataSourceTransactionManager] is not eligible for getting processed by all BeanPostProcessors (for example: not eligible for auto-proxying)
2019-05-20 14:22:17.802  INFO 13784 --- [restartedMain] trationDelegate$BeanPostProcessorChecker : Bean 'transactionAdviceConfig' of type [com.lccx.manager.frame.TransactionAdviceConfig$$EnhancerBySpringCGLIB$$d233bfee] is not eligible for getting processed by all BeanPostProcessors (for example: not eligible for auto-proxying)
2019-05-20 14:22:17.833  INFO 13784 --- [restartedMain] trationDelegate$BeanPostProcessorChecker : Bean 'txAdvice' of type [org.springframework.transaction.interceptor.TransactionInterceptor] is not eligible for getting processed by all BeanPostProcessors (for example: not eligible for auto-proxying)
2019-05-20 14:22:17.834  INFO 13784 --- [restartedMain] trationDelegate$BeanPostProcessorChecker : Bean 'txAdviceAdvisor' of type [org.springframework.aop.support.DefaultPointcutAdvisor] is not eligible for getting processed by all BeanPostProcessors (for example: not eligible for auto-proxying)
2019-05-20 14:22:18.688  INFO 13784 --- [restartedMain] o.s.b.w.embedded.tomcat.TomcatWebServer  : Tomcat initialized with port(s): 9080 (http)
2019-05-20 14:22:18.746  INFO 13784 --- [restartedMain] o.apache.catalina.core.StandardService   : Starting service [Tomcat]
2019-05-20 14:22:18.746  INFO 13784 --- [restartedMain] org.apache.catalina.core.StandardEngine  : Starting Servlet Engine: Apache Tomcat/9.0.13
2019-05-20 14:22:18.767  INFO 13784 --- [restartedMain] o.a.catalina.core.AprLifecycleListener   : The APR based Apache Tomcat Native library which allows optimal performance in production environments was not found on the java.library.path: [D:\Java\jdk1.8.0_192\bin;C:\Windows\Sun\Java\bin;C:\Windows\system32;C:\Windows;C:\Program Files (x86)\Common Files\Oracle\Java\javapath;C:\ProgramData\Oracle\Java\javapath;C:\Windows\system32;C:\Windows;C:\Windows\System32\Wbem;C:\Windows\System32\WindowsPowerShell\v1.0\;C:\Windows\System32\OpenSSH\;C:\Program Files\MySQL\MySQL Server 5.5\bin;D:\SQL2008_DB\100\Tools\Binn\;D:\SQL2008_DB\100\DTS\Binn\;D:\SQL2008_DB\100\Tools\Binn\VSShell\Common7\IDE\;C:\Program Files (x86)\Microsoft Visual Studio 9.0\Common7\IDE\PrivateAssemblies\;D:\Microsoft VS Code\bin;D:\Program Files\MySQL\MySQL Server 5.5\bin;D:\MySQL\MySQL Server 5.5\bin;D:\NodeJs\;C:\Program Files\TortoiseSVN\bin;C:\Users\softfree\AppData\Local\Microsoft\WindowsApps;C:\Users\softfree\AppData\Roaming\npm;.]
2019-05-20 14:22:37.089  INFO 13784 --- [restartedMain] org.apache.jasper.servlet.TldScanner     : At least one JAR was scanned for TLDs yet contained no TLDs. Enable debug logging for this logger for a complete list of JARs that were scanned but no TLDs were found in them. Skipping unneeded JARs during scanning can improve startup time and JSP compilation time.
2019-05-20 14:22:37.100  INFO 13784 --- [restartedMain] o.a.c.c.C.[Tomcat].[localhost].[/]       : Initializing Spring embedded WebApplicationContext
2019-05-20 14:22:37.101  INFO 13784 --- [restartedMain] o.s.web.context.ContextLoader            : Root WebApplicationContext: initialization completed in 24609 ms
2019-05-20 14:22:38.817  INFO 13784 --- [restartedMain] o.s.s.concurrent.ThreadPoolTaskExecutor  : Initializing ExecutorService 'applicationTaskExecutor'
2019-05-20 14:22:38.950  WARN 13784 --- [restartedMain] ion$DefaultTemplateResolverConfiguration : Cannot find template location: classpath:/templates/ (please add some templates or check your Thymeleaf configuration)
2019-05-20 14:22:41.052  INFO 13784 --- [restartedMain] o.s.b.d.a.OptionalLiveReloadServer       : LiveReload server is running on port 35729
2019-05-20 14:22:41.181  INFO 13784 --- [restartedMain] o.s.b.w.embedded.tomcat.TomcatWebServer  : Tomcat started on port(s): 9080 (http) with context path ''
2019-05-20 14:22:41.184  INFO 13784 --- [restartedMain] com.lccx.manager.ManagerApplication      : Started ManagerApplication in 31.351 seconds (JVM running for 33.196)
2019-05-20 14:22:45.066  INFO 13784 --- [http-nio-9080-exec-1] o.a.c.c.C.[Tomcat].[localhost].[/]       : Initializing Spring DispatcherServlet 'dispatcherServlet'
2019-05-20 14:22:45.066  INFO 13784 --- [http-nio-9080-exec-1] o.s.web.servlet.DispatcherServlet        : Initializing Servlet 'dispatcherServlet'
2019-05-20 14:22:45.075  INFO 13784 --- [http-nio-9080-exec-1] o.s.web.servlet.DispatcherServlet        : Completed initialization in 8 ms
2019-05-20 14:25:42.665  INFO 14420 --- [restartedMain] com.lccx.manager.ManagerApplication      : Starting ManagerApplication on DESKTOP-L0NR3LM with PID 14420 (D:\IDEAworkspace\root\trunk\manager\target\classes started by softfree in D:\IDEAworkspace\root\trunk)
2019-05-20 14:25:42.669  INFO 14420 --- [restartedMain] com.lccx.manager.ManagerApplication      : The following profiles are active: test
2019-05-20 14:25:42.738  INFO 14420 --- [restartedMain] .e.DevToolsPropertyDefaultsPostProcessor : Devtools property defaults active! Set 'spring.devtools.add-properties' to 'false' to disable
2019-05-20 14:25:42.738  INFO 14420 --- [restartedMain] .e.DevToolsPropertyDefaultsPostProcessor : For additional web related logging consider setting the 'logging.level.web' property to 'DEBUG'
2019-05-20 14:25:43.754  INFO 14420 --- [restartedMain] .s.d.r.c.RepositoryConfigurationDelegate : Multiple Spring Data modules found, entering strict repository configuration mode!
2019-05-20 14:25:43.756  INFO 14420 --- [restartedMain] .s.d.r.c.RepositoryConfigurationDelegate : Bootstrapping Spring Data repositories in DEFAULT mode.
2019-05-20 14:25:43.787  INFO 14420 --- [restartedMain] .s.d.r.c.RepositoryConfigurationDelegate : Finished Spring Data repository scanning in 20ms. Found 0 repository interfaces.
2019-05-20 14:25:44.149  INFO 14420 --- [restartedMain] trationDelegate$BeanPostProcessorChecker : Bean 'org.springframework.transaction.annotation.ProxyTransactionManagementConfiguration' of type [org.springframework.transaction.annotation.ProxyTransactionManagementConfiguration$$EnhancerBySpringCGLIB$$6ab69a49] is not eligible for getting processed by all BeanPostProcessors (for example: not eligible for auto-proxying)
2019-05-20 14:25:44.178  INFO 14420 --- [restartedMain] trationDelegate$BeanPostProcessorChecker : Bean 'druidConfig' of type [com.lccx.manager.frame.DruidConfig$$EnhancerBySpringCGLIB$$41e0ecdb] is not eligible for getting processed by all BeanPostProcessors (for example: not eligible for auto-proxying)
2019-05-20 14:25:44.264  INFO 14420 --- [restartedMain] trationDelegate$BeanPostProcessorChecker : Bean 'druid' of type [com.alibaba.druid.pool.DruidDataSource] is not eligible for getting processed by all BeanPostProcessors (for example: not eligible for auto-proxying)
2019-05-20 14:25:44.281  INFO 14420 --- [restartedMain] trationDelegate$BeanPostProcessorChecker : Bean 'spring.datasource-org.springframework.boot.autoconfigure.jdbc.DataSourceProperties' of type [org.springframework.boot.autoconfigure.jdbc.DataSourceProperties] is not eligible for getting processed by all BeanPostProcessors (for example: not eligible for auto-proxying)
2019-05-20 14:25:44.285  INFO 14420 --- [restartedMain] trationDelegate$BeanPostProcessorChecker : Bean 'org.springframework.boot.autoconfigure.jdbc.DataSourceInitializerInvoker' of type [org.springframework.boot.autoconfigure.jdbc.DataSourceInitializerInvoker] is not eligible for getting processed by all BeanPostProcessors (for example: not eligible for auto-proxying)
2019-05-20 14:25:44.288  INFO 14420 --- [restartedMain] trationDelegate$BeanPostProcessorChecker : Bean 'org.springframework.boot.autoconfigure.transaction.TransactionAutoConfiguration' of type [org.springframework.boot.autoconfigure.transaction.TransactionAutoConfiguration$$EnhancerBySpringCGLIB$$ff2a9553] is not eligible for getting processed by all BeanPostProcessors (for example: not eligible for auto-proxying)
2019-05-20 14:25:44.295  INFO 14420 --- [restartedMain] trationDelegate$BeanPostProcessorChecker : Bean 'spring.transaction-org.springframework.boot.autoconfigure.transaction.TransactionProperties' of type [org.springframework.boot.autoconfigure.transaction.TransactionProperties] is not eligible for getting processed by all BeanPostProcessors (for example: not eligible for auto-proxying)
2019-05-20 14:25:44.296  INFO 14420 --- [restartedMain] trationDelegate$BeanPostProcessorChecker : Bean 'platformTransactionManagerCustomizers' of type [org.springframework.boot.autoconfigure.transaction.TransactionManagerCustomizers] is not eligible for getting processed by all BeanPostProcessors (for example: not eligible for auto-proxying)
2019-05-20 14:25:44.297  INFO 14420 --- [restartedMain] trationDelegate$BeanPostProcessorChecker : Bean 'org.springframework.boot.autoconfigure.jdbc.DataSourceTransactionManagerAutoConfiguration$DataSourceTransactionManagerConfiguration' of type [org.springframework.boot.autoconfigure.jdbc.DataSourceTransactionManagerAutoConfiguration$DataSourceTransactionManagerConfiguration$$EnhancerBySpringCGLIB$$17b732b8] is not eligible for getting processed by all BeanPostProcessors (for example: not eligible for auto-proxying)
2019-05-20 14:25:44.304  INFO 14420 --- [restartedMain] trationDelegate$BeanPostProcessorChecker : Bean 'transactionManager' of type [org.springframework.jdbc.datasource.DataSourceTransactionManager] is not eligible for getting processed by all BeanPostProcessors (for example: not eligible for auto-proxying)
2019-05-20 14:25:44.305  INFO 14420 --- [restartedMain] trationDelegate$BeanPostProcessorChecker : Bean 'transactionAdviceConfig' of type [com.lccx.manager.frame.TransactionAdviceConfig$$EnhancerBySpringCGLIB$$c8adc34f] is not eligible for getting processed by all BeanPostProcessors (for example: not eligible for auto-proxying)
2019-05-20 14:25:44.311  INFO 14420 --- [restartedMain] trationDelegate$BeanPostProcessorChecker : Bean 'txAdvice' of type [org.springframework.transaction.interceptor.TransactionInterceptor] is not eligible for getting processed by all BeanPostProcessors (for example: not eligible for auto-proxying)
2019-05-20 14:25:44.311  INFO 14420 --- [restartedMain] trationDelegate$BeanPostProcessorChecker : Bean 'txAdviceAdvisor' of type [org.springframework.aop.support.DefaultPointcutAdvisor] is not eligible for getting processed by all BeanPostProcessors (for example: not eligible for auto-proxying)
2019-05-20 14:25:44.734  INFO 14420 --- [restartedMain] o.s.b.w.embedded.tomcat.TomcatWebServer  : Tomcat initialized with port(s): 9080 (http)
2019-05-20 14:25:44.754  INFO 14420 --- [restartedMain] o.apache.catalina.core.StandardService   : Starting service [Tomcat]
2019-05-20 14:25:44.754  INFO 14420 --- [restartedMain] org.apache.catalina.core.StandardEngine  : Starting Servlet Engine: Apache Tomcat/9.0.13
2019-05-20 14:25:44.762  INFO 14420 --- [restartedMain] o.a.catalina.core.AprLifecycleListener   : The APR based Apache Tomcat Native library which allows optimal performance in production environments was not found on the java.library.path: [D:\Java\jdk1.8.0_192\bin;C:\Windows\Sun\Java\bin;C:\Windows\system32;C:\Windows;C:\Program Files (x86)\Common Files\Oracle\Java\javapath;C:\ProgramData\Oracle\Java\javapath;C:\Windows\system32;C:\Windows;C:\Windows\System32\Wbem;C:\Windows\System32\WindowsPowerShell\v1.0\;C:\Windows\System32\OpenSSH\;C:\Program Files\MySQL\MySQL Server 5.5\bin;D:\SQL2008_DB\100\Tools\Binn\;D:\SQL2008_DB\100\DTS\Binn\;D:\SQL2008_DB\100\Tools\Binn\VSShell\Common7\IDE\;C:\Program Files (x86)\Microsoft Visual Studio 9.0\Common7\IDE\PrivateAssemblies\;D:\Microsoft VS Code\bin;D:\Program Files\MySQL\MySQL Server 5.5\bin;D:\MySQL\MySQL Server 5.5\bin;D:\NodeJs\;C:\Program Files\TortoiseSVN\bin;C:\Users\softfree\AppData\Local\Microsoft\WindowsApps;C:\Users\softfree\AppData\Roaming\npm;.]
2019-05-20 14:25:45.730  INFO 14420 --- [restartedMain] org.apache.jasper.servlet.TldScanner     : At least one JAR was scanned for TLDs yet contained no TLDs. Enable debug logging for this logger for a complete list of JARs that were scanned but no TLDs were found in them. Skipping unneeded JARs during scanning can improve startup time and JSP compilation time.
2019-05-20 14:25:45.734  INFO 14420 --- [restartedMain] o.a.c.c.C.[Tomcat].[localhost].[/]       : Initializing Spring embedded WebApplicationContext
2019-05-20 14:25:45.734  INFO 14420 --- [restartedMain] o.s.web.context.ContextLoader            : Root WebApplicationContext: initialization completed in 2995 ms
2019-05-20 14:25:46.344  INFO 14420 --- [restartedMain] o.s.s.concurrent.ThreadPoolTaskExecutor  : Initializing ExecutorService 'applicationTaskExecutor'
2019-05-20 14:25:46.460  WARN 14420 --- [restartedMain] ion$DefaultTemplateResolverConfiguration : Cannot find template location: classpath:/templates/ (please add some templates or check your Thymeleaf configuration)
2019-05-20 14:25:47.956  INFO 14420 --- [restartedMain] o.s.b.d.a.OptionalLiveReloadServer       : LiveReload server is running on port 35729
2019-05-20 14:25:48.025  INFO 14420 --- [restartedMain] o.s.b.w.embedded.tomcat.TomcatWebServer  : Tomcat started on port(s): 9080 (http) with context path ''
2019-05-20 14:25:48.028  INFO 14420 --- [restartedMain] com.lccx.manager.ManagerApplication      : Started ManagerApplication in 5.854 seconds (JVM running for 7.043)
2019-05-20 14:25:55.437  INFO 14420 --- [http-nio-9080-exec-2] o.a.c.c.C.[Tomcat].[localhost].[/]       : Initializing Spring DispatcherServlet 'dispatcherServlet'
2019-05-20 14:25:55.438  INFO 14420 --- [http-nio-9080-exec-2] o.s.web.servlet.DispatcherServlet        : Initializing Servlet 'dispatcherServlet'
2019-05-20 14:25:55.455  INFO 14420 --- [http-nio-9080-exec-2] o.s.web.servlet.DispatcherServlet        : Completed initialization in 17 ms
2019-05-20 14:26:55.440  INFO 14420 --- [http-nio-9080-exec-9] com.alibaba.druid.pool.DruidDataSource   : {dataSource-1} inited
2019-05-20 14:28:07.212  INFO 14420 --- [Thread-9] o.s.s.concurrent.ThreadPoolTaskExecutor  : Shutting down ExecutorService 'applicationTaskExecutor'
2019-05-20 14:28:07.245  INFO 14420 --- [Thread-9] com.alibaba.druid.pool.DruidDataSource   : {dataSource-1} closed
2019-05-20 14:28:11.270  INFO 9532 --- [restartedMain] com.lccx.manager.ManagerApplication      : Starting ManagerApplication on DESKTOP-L0NR3LM with PID 9532 (D:\IDEAworkspace\root\trunk\manager\target\classes started by softfree in D:\IDEAworkspace\root\trunk)
2019-05-20 14:28:11.272  INFO 9532 --- [restartedMain] com.lccx.manager.ManagerApplication      : The following profiles are active: test
2019-05-20 14:28:11.319  INFO 9532 --- [restartedMain] .e.DevToolsPropertyDefaultsPostProcessor : Devtools property defaults active! Set 'spring.devtools.add-properties' to 'false' to disable
2019-05-20 14:28:11.319  INFO 9532 --- [restartedMain] .e.DevToolsPropertyDefaultsPostProcessor : For additional web related logging consider setting the 'logging.level.web' property to 'DEBUG'
2019-05-20 14:28:12.130  INFO 9532 --- [restartedMain] .s.d.r.c.RepositoryConfigurationDelegate : Multiple Spring Data modules found, entering strict repository configuration mode!
2019-05-20 14:28:12.133  INFO 9532 --- [restartedMain] .s.d.r.c.RepositoryConfigurationDelegate : Bootstrapping Spring Data repositories in DEFAULT mode.
2019-05-20 14:28:12.175  INFO 9532 --- [restartedMain] .s.d.r.c.RepositoryConfigurationDelegate : Finished Spring Data repository scanning in 27ms. Found 0 repository interfaces.
2019-05-20 14:28:12.715  INFO 9532 --- [restartedMain] trationDelegate$BeanPostProcessorChecker : Bean 'org.springframework.transaction.annotation.ProxyTransactionManagementConfiguration' of type [org.springframework.transaction.annotation.ProxyTransactionManagementConfiguration$$EnhancerBySpringCGLIB$$457630d] is not eligible for getting processed by all BeanPostProcessors (for example: not eligible for auto-proxying)
2019-05-20 14:28:12.745  INFO 9532 --- [restartedMain] trationDelegate$BeanPostProcessorChecker : Bean 'druidConfig' of type [com.lccx.manager.frame.DruidConfig$$EnhancerBySpringCGLIB$$db81b59f] is not eligible for getting processed by all BeanPostProcessors (for example: not eligible for auto-proxying)
2019-05-20 14:28:12.842  INFO 9532 --- [restartedMain] trationDelegate$BeanPostProcessorChecker : Bean 'druid' of type [com.alibaba.druid.pool.DruidDataSource] is not eligible for getting processed by all BeanPostProcessors (for example: not eligible for auto-proxying)
2019-05-20 14:28:12.869  INFO 9532 --- [restartedMain] trationDelegate$BeanPostProcessorChecker : Bean 'spring.datasource-org.springframework.boot.autoconfigure.jdbc.DataSourceProperties' of type [org.springframework.boot.autoconfigure.jdbc.DataSourceProperties] is not eligible for getting processed by all BeanPostProcessors (for example: not eligible for auto-proxying)
2019-05-20 14:28:12.876  INFO 9532 --- [restartedMain] trationDelegate$BeanPostProcessorChecker : Bean 'org.springframework.boot.autoconfigure.jdbc.DataSourceInitializerInvoker' of type [org.springframework.boot.autoconfigure.jdbc.DataSourceInitializerInvoker] is not eligible for getting processed by all BeanPostProcessors (for example: not eligible for auto-proxying)
2019-05-20 14:28:12.882  INFO 9532 --- [restartedMain] trationDelegate$BeanPostProcessorChecker : Bean 'org.springframework.boot.autoconfigure.transaction.TransactionAutoConfiguration' of type [org.springframework.boot.autoconfigure.transaction.TransactionAutoConfiguration$$EnhancerBySpringCGLIB$$98cb5e17] is not eligible for getting processed by all BeanPostProcessors (for example: not eligible for auto-proxying)
2019-05-20 14:28:12.889  INFO 9532 --- [restartedMain] trationDelegate$BeanPostProcessorChecker : Bean 'spring.transaction-org.springframework.boot.autoconfigure.transaction.TransactionProperties' of type [org.springframework.boot.autoconfigure.transaction.TransactionProperties] is not eligible for getting processed by all BeanPostProcessors (for example: not eligible for auto-proxying)
2019-05-20 14:28:12.891  INFO 9532 --- [restartedMain] trationDelegate$BeanPostProcessorChecker : Bean 'platformTransactionManagerCustomizers' of type [org.springframework.boot.autoconfigure.transaction.TransactionManagerCustomizers] is not eligible for getting processed by all BeanPostProcessors (for example: not eligible for auto-proxying)
2019-05-20 14:28:12.892  INFO 9532 --- [restartedMain] trationDelegate$BeanPostProcessorChecker : Bean 'org.springframework.boot.autoconfigure.jdbc.DataSourceTransactionManagerAutoConfiguration$DataSourceTransactionManagerConfiguration' of type [org.springframework.boot.autoconfigure.jdbc.DataSourceTransactionManagerAutoConfiguration$DataSourceTransactionManagerConfiguration$$EnhancerBySpringCGLIB$$b157fb7c] is not eligible for getting processed by all BeanPostProcessors (for example: not eligible for auto-proxying)
2019-05-20 14:28:12.902  INFO 9532 --- [restartedMain] trationDelegate$BeanPostProcessorChecker : Bean 'transactionManager' of type [org.springframework.jdbc.datasource.DataSourceTransactionManager] is not eligible for getting processed by all BeanPostProcessors (for example: not eligible for auto-proxying)
2019-05-20 14:28:12.904  INFO 9532 --- [restartedMain] trationDelegate$BeanPostProcessorChecker : Bean 'transactionAdviceConfig' of type [com.lccx.manager.frame.TransactionAdviceConfig$$EnhancerBySpringCGLIB$$624e8c13] is not eligible for getting processed by all BeanPostProcessors (for example: not eligible for auto-proxying)
2019-05-20 14:28:12.912  INFO 9532 --- [restartedMain] trationDelegate$BeanPostProcessorChecker : Bean 'txAdvice' of type [org.springframework.transaction.interceptor.TransactionInterceptor] is not eligible for getting processed by all BeanPostProcessors (for example: not eligible for auto-proxying)
2019-05-20 14:28:12.913  INFO 9532 --- [restartedMain] trationDelegate$BeanPostProcessorChecker : Bean 'txAdviceAdvisor' of type [org.springframework.aop.support.DefaultPointcutAdvisor] is not eligible for getting processed by all BeanPostProcessors (for example: not eligible for auto-proxying)
2019-05-20 14:28:13.437  INFO 9532 --- [restartedMain] o.s.b.w.embedded.tomcat.TomcatWebServer  : Tomcat initialized with port(s): 9080 (http)
2019-05-20 14:28:13.456  INFO 9532 --- [restartedMain] o.apache.catalina.core.StandardService   : Starting service [Tomcat]
2019-05-20 14:28:13.457  INFO 9532 --- [restartedMain] org.apache.catalina.core.StandardEngine  : Starting Servlet Engine: Apache Tomcat/9.0.13
2019-05-20 14:28:13.463  INFO 9532 --- [restartedMain] o.a.catalina.core.AprLifecycleListener   : The APR based Apache Tomcat Native library which allows optimal performance in production environments was not found on the java.library.path: [D:\Java\jdk1.8.0_192\bin;C:\Windows\Sun\Java\bin;C:\Windows\system32;C:\Windows;C:\Program Files (x86)\Common Files\Oracle\Java\javapath;C:\ProgramData\Oracle\Java\javapath;C:\Windows\system32;C:\Windows;C:\Windows\System32\Wbem;C:\Windows\System32\WindowsPowerShell\v1.0\;C:\Windows\System32\OpenSSH\;C:\Program Files\MySQL\MySQL Server 5.5\bin;D:\SQL2008_DB\100\Tools\Binn\;D:\SQL2008_DB\100\DTS\Binn\;D:\SQL2008_DB\100\Tools\Binn\VSShell\Common7\IDE\;C:\Program Files (x86)\Microsoft Visual Studio 9.0\Common7\IDE\PrivateAssemblies\;D:\Microsoft VS Code\bin;D:\Program Files\MySQL\MySQL Server 5.5\bin;D:\MySQL\MySQL Server 5.5\bin;D:\NodeJs\;C:\Program Files\TortoiseSVN\bin;C:\Users\softfree\AppData\Local\Microsoft\WindowsApps;C:\Users\softfree\AppData\Roaming\npm;.]
2019-05-20 14:28:14.357  INFO 9532 --- [restartedMain] org.apache.jasper.servlet.TldScanner     : At least one JAR was scanned for TLDs yet contained no TLDs. Enable debug logging for this logger for a complete list of JARs that were scanned but no TLDs were found in them. Skipping unneeded JARs during scanning can improve startup time and JSP compilation time.
2019-05-20 14:28:14.361  INFO 9532 --- [restartedMain] o.a.c.c.C.[Tomcat].[localhost].[/]       : Initializing Spring embedded WebApplicationContext
2019-05-20 14:28:14.361  INFO 9532 --- [restartedMain] o.s.web.context.ContextLoader            : Root WebApplicationContext: initialization completed in 3042 ms
2019-05-20 14:28:14.962  INFO 9532 --- [restartedMain] o.s.s.concurrent.ThreadPoolTaskExecutor  : Initializing ExecutorService 'applicationTaskExecutor'
2019-05-20 14:28:15.081  WARN 9532 --- [restartedMain] ion$DefaultTemplateResolverConfiguration : Cannot find template location: classpath:/templates/ (please add some templates or check your Thymeleaf configuration)
2019-05-20 14:28:16.583  INFO 9532 --- [restartedMain] o.s.b.d.a.OptionalLiveReloadServer       : LiveReload server is running on port 35729
2019-05-20 14:28:16.644  INFO 9532 --- [restartedMain] o.s.b.w.embedded.tomcat.TomcatWebServer  : Tomcat started on port(s): 9080 (http) with context path ''
2019-05-20 14:28:16.647  INFO 9532 --- [restartedMain] com.lccx.manager.ManagerApplication      : Started ManagerApplication in 5.767 seconds (JVM running for 6.712)
2019-05-20 14:28:21.398  INFO 9532 --- [http-nio-9080-exec-1] o.a.c.c.C.[Tomcat].[localhost].[/]       : Initializing Spring DispatcherServlet 'dispatcherServlet'
2019-05-20 14:28:21.398  INFO 9532 --- [http-nio-9080-exec-1] o.s.web.servlet.DispatcherServlet        : Initializing Servlet 'dispatcherServlet'
2019-05-20 14:28:21.409  INFO 9532 --- [http-nio-9080-exec-1] o.s.web.servlet.DispatcherServlet        : Completed initialization in 11 ms
2019-05-20 14:28:28.912  INFO 9532 --- [http-nio-9080-exec-3] com.alibaba.druid.pool.DruidDataSource   : {dataSource-1} inited
2019-05-20 15:01:33.000  INFO 9532 --- [Thread-9] o.s.s.concurrent.ThreadPoolTaskExecutor  : Shutting down ExecutorService 'applicationTaskExecutor'
2019-05-20 15:01:33.005  INFO 9532 --- [Thread-9] com.alibaba.druid.pool.DruidDataSource   : {dataSource-1} closed
